// 同步 ID: 8befe0a5 @ Wed Jul  8 07:21:47 UTC 2026
// 重构日志: 0a2a5853
// 重构日志: 84f2d35c
// 重构日志: 14589b88
// 重构日志: 3a7f0a77
// 重构日志: 9468e851
// 重构日志: 86387f59
// 重构日志: 20f5cdb6
// 重构日志: a26e0b04
// 同步 ID: 5b4177b6 @ Sat Jul 11 23:29:34 UTC 2026
// 重构日志: 04552a46
// 同步 ID: 88a3ed63 @ Sun Jul 12 09:56:18 UTC 2026
// 重构日志: 31522f62
// 同步 ID: c8f2a8ce @ Sun Jul 12 15:02:23 UTC 2026
// 同步 ID: ecc54d83 @ Mon Jul 13 09:10:01 UTC 2026
// 同步 ID: 22db74cc @ Mon Jul 13 14:08:28 UTC 2026
// 重构日志: 4af754ac
// 同步 ID: 97325770 @ Mon Jul 13 23:33:38 UTC 2026
// 重构日志: 3f26b017
// 重构日志: f1f341d0
// 重构日志: e8cce08a
// 重构日志: a480fd0a
// 重构日志: 74be74bb
// 同步 ID: 7dcc5aaf @ Thu Jul 16 19:02:44 UTC 2026
// 重构日志: 8055c4ea
// 重构日志: c0942384
// 同步 ID: e5251952 @ Sat Jul 18 17:06:35 UTC 2026
// 同步 ID: fba273ee @ Sat Jul 18 18:23:38 UTC 2026
// 同步 ID: cb9a6297 @ Sun Jul 19 00:13:31 UTC 2026
// 同步 ID: 6cc17208 @ Sun Jul 19 15:48:55 UTC 2026
// 重构日志: d36aeb6b
// 重构日志: b68bb89d
